[0.813s] Invoking command in '/home/ros2_ws/src/my_py_pkg': PYTHONPATH=/home/ros2_ws/build/my_py_pkg/prefix_override:/home/ros2_ws/install/my_py_pkg/lib/python3.10/site-packages:${PYTHONPATH} /usr/bin/python3 -W ignore:setup.py install is deprecated setup.py egg_info --egg-base ../../build/my_py_pkg build --build-base /home/ros2_ws/build/my_py_pkg/build install --record /home/ros2_ws/build/my_py_pkg/install.log --single-version-externally-managed install_data
[1.067s] running egg_info
[1.068s] writing ../../build/my_py_pkg/my_py_pkg.egg-info/PKG-INFO
[1.071s] writing dependency_links to ../../build/my_py_pkg/my_py_pkg.egg-info/dependency_links.txt
[1.072s] writing entry points to ../../build/my_py_pkg/my_py_pkg.egg-info/entry_points.txt
[1.072s] writing requirements to ../../build/my_py_pkg/my_py_pkg.egg-info/requires.txt
[1.072s] writing top-level names to ../../build/my_py_pkg/my_py_pkg.egg-info/top_level.txt
[1.074s] reading manifest file '../../build/my_py_pkg/my_py_pkg.egg-info/SOURCES.txt'
[1.076s] writing manifest file '../../build/my_py_pkg/my_py_pkg.egg-info/SOURCES.txt'
[1.076s] running build
[1.076s] running build_py
[1.077s] running install
[1.078s] running install_lib
[1.079s] running install_data
[1.080s] running install_egg_info
[1.081s] removing '/home/ros2_ws/install/my_py_pkg/lib/python3.10/site-packages/my_py_pkg-0.0.0-py3.10.egg-info' (and everything under it)
[1.082s] Copying ../../build/my_py_pkg/my_py_pkg.egg-info to /home/ros2_ws/install/my_py_pkg/lib/python3.10/site-packages/my_py_pkg-0.0.0-py3.10.egg-info
[1.083s] running install_scripts
[1.105s] writing list of installed files to '/home/ros2_ws/build/my_py_pkg/install.log'
[1.130s] Invoked command in '/home/ros2_ws/src/my_py_pkg' returned '0': PYTHONPATH=/home/ros2_ws/build/my_py_pkg/prefix_override:/home/ros2_ws/install/my_py_pkg/lib/python3.10/site-packages:${PYTHONPATH} /usr/bin/python3 -W ignore:setup.py install is deprecated setup.py egg_info --egg-base ../../build/my_py_pkg build --build-base /home/ros2_ws/build/my_py_pkg/build install --record /home/ros2_ws/build/my_py_pkg/install.log --single-version-externally-managed install_data
