[0.574s] Invoking command in '/home/ros2_ws/src/nmea_divider': PYTHONPATH=/home/ros2_ws/build/nmea_divider/prefix_override:/home/ros2_ws/install/nmea_divider/lib/python3.10/site-packages:${PYTHONPATH} /usr/bin/python3 -W ignore:setup.py install is deprecated setup.py egg_info --egg-base ../../build/nmea_divider build --build-base /home/ros2_ws/build/nmea_divider/build install --record /home/ros2_ws/build/nmea_divider/install.log --single-version-externally-managed install_data
[0.803s] running egg_info
[0.804s] writing ../../build/nmea_divider/nmea_divider.egg-info/PKG-INFO
[0.804s] writing dependency_links to ../../build/nmea_divider/nmea_divider.egg-info/dependency_links.txt
[0.805s] writing entry points to ../../build/nmea_divider/nmea_divider.egg-info/entry_points.txt
[0.805s] writing requirements to ../../build/nmea_divider/nmea_divider.egg-info/requires.txt
[0.805s] writing top-level names to ../../build/nmea_divider/nmea_divider.egg-info/top_level.txt
[0.806s] reading manifest file '../../build/nmea_divider/nmea_divider.egg-info/SOURCES.txt'
[0.807s] writing manifest file '../../build/nmea_divider/nmea_divider.egg-info/SOURCES.txt'
[0.807s] running build
[0.808s] running build_py
[0.808s] copying nmea_divider/parser.py -> /home/ros2_ws/build/nmea_divider/build/lib/nmea_divider
[0.808s] running install
[0.808s] running install_lib
[0.809s] copying /home/ros2_ws/build/nmea_divider/build/lib/nmea_divider/parser.py -> /home/ros2_ws/install/nmea_divider/lib/python3.10/site-packages/nmea_divider
[0.810s] byte-compiling /home/ros2_ws/install/nmea_divider/lib/python3.10/site-packages/nmea_divider/parser.py to parser.cpython-310.pyc
[0.810s] running install_data
[0.811s] running install_egg_info
[0.812s] removing '/home/ros2_ws/install/nmea_divider/lib/python3.10/site-packages/nmea_divider-0.0.0-py3.10.egg-info' (and everything under it)
[0.813s] Copying ../../build/nmea_divider/nmea_divider.egg-info to /home/ros2_ws/install/nmea_divider/lib/python3.10/site-packages/nmea_divider-0.0.0-py3.10.egg-info
[0.814s] running install_scripts
[0.834s] writing list of installed files to '/home/ros2_ws/build/nmea_divider/install.log'
[0.857s] Invoked command in '/home/ros2_ws/src/nmea_divider' returned '0': PYTHONPATH=/home/ros2_ws/build/nmea_divider/prefix_override:/home/ros2_ws/install/nmea_divider/lib/python3.10/site-packages:${PYTHONPATH} /usr/bin/python3 -W ignore:setup.py install is deprecated setup.py egg_info --egg-base ../../build/nmea_divider build --build-base /home/ros2_ws/build/nmea_divider/build install --record /home/ros2_ws/build/nmea_divider/install.log --single-version-externally-managed install_data
