[0.545s] Invoking command in '/home/ros2_ws/src/nmea_divider': PYTHONPATH=/home/ros2_ws/build/nmea_divider/prefix_override:/home/ros2_ws/install/nmea_divider/lib/python3.10/site-packages:${PYTHONPATH} /usr/bin/python3 -W ignore:setup.py install is deprecated setup.py egg_info --egg-base ../../build/nmea_divider build --build-base /home/ros2_ws/build/nmea_divider/build install --record /home/ros2_ws/build/nmea_divider/install.log --single-version-externally-managed install_data
[0.762s] running egg_info
[0.763s] writing ../../build/nmea_divider/nmea_divider.egg-info/PKG-INFO
[0.763s] writing dependency_links to ../../build/nmea_divider/nmea_divider.egg-info/dependency_links.txt
[0.764s] writing entry points to ../../build/nmea_divider/nmea_divider.egg-info/entry_points.txt
[0.764s] writing requirements to ../../build/nmea_divider/nmea_divider.egg-info/requires.txt
[0.764s] writing top-level names to ../../build/nmea_divider/nmea_divider.egg-info/top_level.txt
[0.766s] reading manifest file '../../build/nmea_divider/nmea_divider.egg-info/SOURCES.txt'
[0.767s] writing manifest file '../../build/nmea_divider/nmea_divider.egg-info/SOURCES.txt'
[0.767s] running build
[0.767s] running build_py
[0.767s] copying nmea_divider/parser.py -> /home/ros2_ws/build/nmea_divider/build/lib/nmea_divider
[0.768s] running install
[0.768s] running install_lib
[0.769s] copying /home/ros2_ws/build/nmea_divider/build/lib/nmea_divider/parser.py -> /home/ros2_ws/install/nmea_divider/lib/python3.10/site-packages/nmea_divider
[0.769s] byte-compiling /home/ros2_ws/install/nmea_divider/lib/python3.10/site-packages/nmea_divider/parser.py to parser.cpython-310.pyc
[0.770s] running install_data
[0.770s] running install_egg_info
[0.772s] removing '/home/ros2_ws/install/nmea_divider/lib/python3.10/site-packages/nmea_divider-0.0.0-py3.10.egg-info' (and everything under it)
[0.772s] Copying ../../build/nmea_divider/nmea_divider.egg-info to /home/ros2_ws/install/nmea_divider/lib/python3.10/site-packages/nmea_divider-0.0.0-py3.10.egg-info
[0.773s] running install_scripts
[0.793s] writing list of installed files to '/home/ros2_ws/build/nmea_divider/install.log'
[0.814s] Invoked command in '/home/ros2_ws/src/nmea_divider' returned '0': PYTHONPATH=/home/ros2_ws/build/nmea_divider/prefix_override:/home/ros2_ws/install/nmea_divider/lib/python3.10/site-packages:${PYTHONPATH} /usr/bin/python3 -W ignore:setup.py install is deprecated setup.py egg_info --egg-base ../../build/nmea_divider build --build-base /home/ros2_ws/build/nmea_divider/build install --record /home/ros2_ws/build/nmea_divider/install.log --single-version-externally-managed install_data
