running egg_info
creating ../../build/nmea_divider/nmea_divider.egg-info
writing ../../build/nmea_divider/nmea_divider.egg-info/PKG-INFO
writing dependency_links to ../../build/nmea_divider/nmea_divider.egg-info/dependency_links.txt
writing entry points to ../../build/nmea_divider/nmea_divider.egg-info/entry_points.txt
writing requirements to ../../build/nmea_divider/nmea_divider.egg-info/requires.txt
writing top-level names to ../../build/nmea_divider/nmea_divider.egg-info/top_level.txt
writing manifest file '../../build/nmea_divider/nmea_divider.egg-info/SOURCES.txt'
reading manifest file '../../build/nmea_divider/nmea_divider.egg-info/SOURCES.txt'
writing manifest file '../../build/nmea_divider/nmea_divider.egg-info/SOURCES.txt'
running build
running build_py
creating /home/ros2_ws/build/nmea_divider/build
creating /home/ros2_ws/build/nmea_divider/build/lib
creating /home/ros2_ws/build/nmea_divider/build/lib/nmea_divider
copying nmea_divider/__init__.py -> /home/ros2_ws/build/nmea_divider/build/lib/nmea_divider
running install
running install_lib
creating /home/ros2_ws/install/nmea_divider/lib/python3.10/site-packages/nmea_divider
copying /home/ros2_ws/build/nmea_divider/build/lib/nmea_divider/__init__.py -> /home/ros2_ws/install/nmea_divider/lib/python3.10/site-packages/nmea_divider
byte-compiling /home/ros2_ws/install/nmea_divider/lib/python3.10/site-packages/nmea_divider/__init__.py to __init__.cpython-310.pyc
running install_data
creating /home/ros2_ws/install/nmea_divider/share/ament_index
creating /home/ros2_ws/install/nmea_divider/share/ament_index/resource_index
creating /home/ros2_ws/install/nmea_divider/share/ament_index/resource_index/packages
copying resource/nmea_divider -> /home/ros2_ws/install/nmea_divider/share/ament_index/resource_index/packages
copying package.xml -> /home/ros2_ws/install/nmea_divider/share/nmea_divider
running install_egg_info
Copying ../../build/nmea_divider/nmea_divider.egg-info to /home/ros2_ws/install/nmea_divider/lib/python3.10/site-packages/nmea_divider-0.0.0-py3.10.egg-info
running install_scripts
writing list of installed files to '/home/ros2_ws/build/nmea_divider/install.log'
