[0.569s] Invoking command in '/home/ros2_ws/src/nmea_divider': PYTHONPATH=/home/ros2_ws/build/nmea_divider/prefix_override:/home/ros2_ws/install/nmea_divider/lib/python3.10/site-packages:${PYTHONPATH} /usr/bin/python3 -W ignore:setup.py install is deprecated setup.py egg_info --egg-base ../../build/nmea_divider build --build-base /home/ros2_ws/build/nmea_divider/build install --record /home/ros2_ws/build/nmea_divider/install.log --single-version-externally-managed install_data
[0.795s] running egg_info
[0.795s] creating ../../build/nmea_divider/nmea_divider.egg-info
[0.796s] writing ../../build/nmea_divider/nmea_divider.egg-info/PKG-INFO
[0.796s] writing dependency_links to ../../build/nmea_divider/nmea_divider.egg-info/dependency_links.txt
[0.796s] writing entry points to ../../build/nmea_divider/nmea_divider.egg-info/entry_points.txt
[0.796s] writing requirements to ../../build/nmea_divider/nmea_divider.egg-info/requires.txt
[0.796s] writing top-level names to ../../build/nmea_divider/nmea_divider.egg-info/top_level.txt
[0.797s] writing manifest file '../../build/nmea_divider/nmea_divider.egg-info/SOURCES.txt'
[0.798s] reading manifest file '../../build/nmea_divider/nmea_divider.egg-info/SOURCES.txt'
[0.799s] writing manifest file '../../build/nmea_divider/nmea_divider.egg-info/SOURCES.txt'
[0.799s] running build
[0.799s] running build_py
[0.800s] creating /home/ros2_ws/build/nmea_divider/build
[0.800s] creating /home/ros2_ws/build/nmea_divider/build/lib
[0.800s] creating /home/ros2_ws/build/nmea_divider/build/lib/nmea_divider
[0.800s] copying nmea_divider/__init__.py -> /home/ros2_ws/build/nmea_divider/build/lib/nmea_divider
[0.800s] running install
[0.800s] running install_lib
[0.801s] creating /home/ros2_ws/install/nmea_divider/lib/python3.10/site-packages/nmea_divider
[0.801s] copying /home/ros2_ws/build/nmea_divider/build/lib/nmea_divider/__init__.py -> /home/ros2_ws/install/nmea_divider/lib/python3.10/site-packages/nmea_divider
[0.802s] byte-compiling /home/ros2_ws/install/nmea_divider/lib/python3.10/site-packages/nmea_divider/__init__.py to __init__.cpython-310.pyc
[0.802s] running install_data
[0.802s] creating /home/ros2_ws/install/nmea_divider/share/ament_index
[0.802s] creating /home/ros2_ws/install/nmea_divider/share/ament_index/resource_index
[0.802s] creating /home/ros2_ws/install/nmea_divider/share/ament_index/resource_index/packages
[0.802s] copying resource/nmea_divider -> /home/ros2_ws/install/nmea_divider/share/ament_index/resource_index/packages
[0.802s] copying package.xml -> /home/ros2_ws/install/nmea_divider/share/nmea_divider
[0.802s] running install_egg_info
[0.804s] Copying ../../build/nmea_divider/nmea_divider.egg-info to /home/ros2_ws/install/nmea_divider/lib/python3.10/site-packages/nmea_divider-0.0.0-py3.10.egg-info
[0.805s] running install_scripts
[0.824s] writing list of installed files to '/home/ros2_ws/build/nmea_divider/install.log'
[0.847s] Invoked command in '/home/ros2_ws/src/nmea_divider' returned '0': PYTHONPATH=/home/ros2_ws/build/nmea_divider/prefix_override:/home/ros2_ws/install/nmea_divider/lib/python3.10/site-packages:${PYTHONPATH} /usr/bin/python3 -W ignore:setup.py install is deprecated setup.py egg_info --egg-base ../../build/nmea_divider build --build-base /home/ros2_ws/build/nmea_divider/build install --record /home/ros2_ws/build/nmea_divider/install.log --single-version-externally-managed install_data
